<?xml version="1.0" encoding="UTF-8"?>
<testng-results ignored="0" total="5" passed="5" failed="0" skipped="0">
  <reporter-output>
  </reporter-output>
  <suite started-at="2023-06-19T19:01:21 CDT" name="Default suite" finished-at="2023-06-19T19:02:16 CDT" duration-ms="54808">
    <groups>
      <group name="cucumber">
        <method signature="AbstractTestNGCucumberTests.runScenario(io.cucumber.testng.PickleWrapper,io.cucumber.testng.FeatureWrapper)[pri:0, instance:com.automation.runners.SalesForceRunner@1ffaf86]" name="runScenario" class="io.cucumber.testng.AbstractTestNGCucumberTests"/>
      </group> <!-- cucumber -->
    </groups>
    <test started-at="2023-06-19T19:01:21 CDT" name="Default test" finished-at="2023-06-19T19:02:16 CDT" duration-ms="54808">
      <class name="com.automation.runners.SalesForceRunner">
        <test-method is-config="true" signature="setUpClass(org.testng.ITestContext)[pri:0, instance:com.automation.runners.SalesForceRunner@1ffaf86]" started-at="2023-06-19T19:01:21 CDT" name="setUpClass" finished-at="2023-06-19T19:01:22 CDT" duration-ms="792" status="PASS">
          <params>
            <param index="0">
              <value>
                <![CDATA[org.testng.TestRunner@7757025d]]>
              </value>
            </param>
          </params>
          <reporter-output>
          </reporter-output>
        </test-method> <!-- setUpClass -->
        <test-method signature="runScenario(io.cucumber.testng.PickleWrapper,io.cucumber.testng.FeatureWrapper)[pri:0, instance:com.automation.runners.SalesForceRunner@1ffaf86]" started-at="2023-06-19T19:01:22 CDT" name="runScenario" description="Runs Cucumber Scenarios" data-provider="scenarios" finished-at="2023-06-19T19:01:28 CDT" duration-ms="5655" status="PASS">
          <params>
            <param index="0">
              <value>
                <![CDATA["Login error message"]]>
              </value>
            </param>
            <param index="1">
              <value>
                <![CDATA["login functionality"]]>
              </value>
            </param>
          </params>
          <reporter-output>
          </reporter-output>
        </test-method> <!-- runScenario -->
        <test-method signature="runScenario(io.cucumber.testng.PickleWrapper,io.cucumber.testng.FeatureWrapper)[pri:0, instance:com.automation.runners.SalesForceRunner@1ffaf86]" started-at="2023-06-19T19:01:28 CDT" name="runScenario" description="Runs Cucumber Scenarios" data-provider="scenarios" finished-at="2023-06-19T19:01:39 CDT" duration-ms="11749" status="PASS">
          <params>
            <param index="0">
              <value>
                <![CDATA["Login successful"]]>
              </value>
            </param>
            <param index="1">
              <value>
                <![CDATA["login functionality"]]>
              </value>
            </param>
          </params>
          <reporter-output>
          </reporter-output>
        </test-method> <!-- runScenario -->
        <test-method signature="runScenario(io.cucumber.testng.PickleWrapper,io.cucumber.testng.FeatureWrapper)[pri:0, instance:com.automation.runners.SalesForceRunner@1ffaf86]" started-at="2023-06-19T19:01:39 CDT" name="runScenario" description="Runs Cucumber Scenarios" data-provider="scenarios" finished-at="2023-06-19T19:02:02 CDT" duration-ms="22671" status="PASS">
          <params>
            <param index="0">
              <value>
                <![CDATA["Login remember me"]]>
              </value>
            </param>
            <param index="1">
              <value>
                <![CDATA["login functionality"]]>
              </value>
            </param>
          </params>
          <reporter-output>
          </reporter-output>
        </test-method> <!-- runScenario -->
        <test-method signature="runScenario(io.cucumber.testng.PickleWrapper,io.cucumber.testng.FeatureWrapper)[pri:0, instance:com.automation.runners.SalesForceRunner@1ffaf86]" started-at="2023-06-19T19:02:02 CDT" name="runScenario" description="Runs Cucumber Scenarios" data-provider="scenarios" finished-at="2023-06-19T19:02:08 CDT" duration-ms="6183" status="PASS">
          <params>
            <param index="0">
              <value>
                <![CDATA["Forgot Password"]]>
              </value>
            </param>
            <param index="1">
              <value>
                <![CDATA["login functionality"]]>
              </value>
            </param>
          </params>
          <reporter-output>
          </reporter-output>
        </test-method> <!-- runScenario -->
        <test-method signature="runScenario(io.cucumber.testng.PickleWrapper,io.cucumber.testng.FeatureWrapper)[pri:0, instance:com.automation.runners.SalesForceRunner@1ffaf86]" started-at="2023-06-19T19:02:08 CDT" name="runScenario" description="Runs Cucumber Scenarios" data-provider="scenarios" finished-at="2023-06-19T19:02:16 CDT" duration-ms="7589" status="PASS">
          <params>
            <param index="0">
              <value>
                <![CDATA["Login with invalid userid and password error message"]]>
              </value>
            </param>
            <param index="1">
              <value>
                <![CDATA["login functionality"]]>
              </value>
            </param>
          </params>
          <reporter-output>
          </reporter-output>
        </test-method> <!-- runScenario -->
        <test-method is-config="true" signature="tearDownClass()[pri:0, instance:com.automation.runners.SalesForceRunner@1ffaf86]" started-at="2023-06-19T19:02:16 CDT" name="tearDownClass" finished-at="2023-06-19T19:02:16 CDT" duration-ms="126" status="PASS">
          <reporter-output>
          </reporter-output>
        </test-method> <!-- tearDownClass -->
      </class> <!-- com.automation.runners.SalesForceRunner -->
    </test> <!-- Default test -->
  </suite> <!-- Default suite -->
</testng-results>
